<?xml version="1.0" encoding="UTF-8"?>
<!-- Generated by org.testng.reporters.JUnitReportReporter -->
<testsuite hostname="Prannoy-PC" name="delete.del" tests="1" failures="0" timestamp="26 Dec 2016 09:09:47 GMT" time="10.813" errors="0">
  <testcase name="test" time="10.813" classname="delete.del"/>
</testsuite> <!-- delete.del -->
